2016-12-03 18:38:42.478+0000 INFO  [API] Setting startup timeout to: 120000ms based on 120000
2016-12-03 18:38:50.892+0000 INFO  [API] Successfully started database
2016-12-03 18:38:51.063+0000 INFO  [API] Starting HTTP on port :7474 with 1 threads available
2016-12-03 18:38:51.292+0000 INFO  [API] Enabling HTTPS on port :7473
2016-12-03 18:38:51.292+0000 INFO  [API] No SSL certificate found, generating a self-signed certificate..
16:38:52.574 [main] INFO  org.eclipse.jetty.util.log - Logging initialized @21815ms
2016-12-03 18:38:53.356+0000 INFO  [API] Mounting static content at [/webadmin] from [webadmin-html]
2016-12-03 18:38:53.417+0000 INFO  [API] Mounting static content at [/browser] from [browser]
16:38:53.430 [main] INFO  org.eclipse.jetty.server.Server - jetty-9.2.1.v20140609
16:38:53.459 [main] INFO  o.e.j.server.handler.ContextHandler - Started o.e.j.s.h.MovedContextHandler@238acd0b{/,null,AVAILABLE}
16:38:53.748 [main] INFO  o.e.j.w.StandardDescriptorProcessor - NO JSP Support for /webadmin, did not find org.apache.jasper.servlet.JspServlet
16:38:53.771 [main] INFO  o.e.j.server.handler.ContextHandler - Started o.e.j.w.WebAppContext@21618fa7{/webadmin,jar:file:/home/mateus/Documents/escambodelivros/db/neo4j/development/system/lib/neo4j-server-2.2.0-M02-static-web.jar!/webadmin-html,AVAILABLE}
16:38:55.146 [main] INFO  o.e.j.server.handler.ContextHandler - Started o.e.j.s.ServletContextHandler@2dd2e270{/db/manage,null,AVAILABLE}
16:38:55.465 [main] INFO  o.e.j.server.handler.ContextHandler - Started o.e.j.s.ServletContextHandler@6981f8f3{/db/data,null,AVAILABLE}
16:38:55.494 [main] INFO  o.e.j.w.StandardDescriptorProcessor - NO JSP Support for /browser, did not find org.apache.jasper.servlet.JspServlet
16:38:55.496 [main] INFO  o.e.j.server.handler.ContextHandler - Started o.e.j.w.WebAppContext@3804a9a8{/browser,jar:file:/home/mateus/Documents/escambodelivros/db/neo4j/development/system/lib/neo4j-browser-2.2.0-M02.jar!/browser,AVAILABLE}
16:38:55.698 [main] INFO  o.e.j.server.handler.ContextHandler - Started o.e.j.s.ServletContextHandler@3f0d6038{/,null,AVAILABLE}
16:38:55.952 [main] WARN  o.e.j.u.component.AbstractLifeCycle - FAILED ServerConnector@237f7970{HTTP/1.1}{localhost:7474}: java.net.BindException: Address already in use
java.net.BindException: Address already in use
	at sun.nio.ch.Net.bind0(Native Method) ~[na:1.8.0_91]
	at sun.nio.ch.Net.bind(Net.java:433) ~[na:1.8.0_91]
	at sun.nio.ch.Net.bind(Net.java:425) ~[na:1.8.0_91]
	at sun.nio.ch.ServerSocketChannelImpl.bind(ServerSocketChannelImpl.java:223) ~[na:1.8.0_91]
	at sun.nio.ch.ServerSocketAdaptor.bind(ServerSocketAdaptor.java:74) ~[na:1.8.0_91]
	at org.eclipse.jetty.server.ServerConnector.open(ServerConnector.java:279) ~[jetty-server-9.2.1.v20140609.jar:9.2.1.v20140609]
	at org.eclipse.jetty.server.AbstractNetworkConnector.doStart(AbstractNetworkConnector.java:80) ~[jetty-server-9.2.1.v20140609.jar:9.2.1.v20140609]
	at org.eclipse.jetty.server.ServerConnector.doStart(ServerConnector.java:218) ~[jetty-server-9.2.1.v20140609.jar:9.2.1.v20140609]
	at org.eclipse.jetty.util.component.AbstractLifeCycle.start(AbstractLifeCycle.java:68) [jetty-util-9.2.1.v20140609.jar:9.2.1.v20140609]
	at org.eclipse.jetty.server.Server.doStart(Server.java:336) [jetty-server-9.2.1.v20140609.jar:9.2.1.v20140609]
	at org.eclipse.jetty.util.component.AbstractLifeCycle.start(AbstractLifeCycle.java:68) [jetty-util-9.2.1.v20140609.jar:9.2.1.v20140609]
	at org.neo4j.server.web.Jetty9WebServer.startJetty(Jetty9WebServer.java:376) [neo4j-server-2.2.0-M02.jar:2.2.0-M02]
	at org.neo4j.server.web.Jetty9WebServer.start(Jetty9WebServer.java:179) [neo4j-server-2.2.0-M02.jar:2.2.0-M02]
	at org.neo4j.server.AbstractNeoServer.startWebServer(AbstractNeoServer.java:463) [neo4j-server-2.2.0-M02.jar:2.2.0-M02]
	at org.neo4j.server.AbstractNeoServer.start(AbstractNeoServer.java:228) [neo4j-server-2.2.0-M02.jar:2.2.0-M02]
	at org.neo4j.server.Bootstrapper.start(Bootstrapper.java:114) [neo4j-server-2.2.0-M02.jar:2.2.0-M02]
	at org.neo4j.server.Bootstrapper.main(Bootstrapper.java:66) [neo4j-server-2.2.0-M02.jar:2.2.0-M02]
16:38:55.952 [main] WARN  o.e.j.u.component.AbstractLifeCycle - FAILED ServerConnector@50fb33a{SSL-HTTP/1.1}{localhost:7473}: java.net.BindException: Address already in use
java.net.BindException: Address already in use
	at sun.nio.ch.Net.bind0(Native Method) ~[na:1.8.0_91]
	at sun.nio.ch.Net.bind(Net.java:433) ~[na:1.8.0_91]
	at sun.nio.ch.Net.bind(Net.java:425) ~[na:1.8.0_91]
	at sun.nio.ch.ServerSocketChannelImpl.bind(ServerSocketChannelImpl.java:223) ~[na:1.8.0_91]
	at sun.nio.ch.ServerSocketAdaptor.bind(ServerSocketAdaptor.java:74) ~[na:1.8.0_91]
	at org.eclipse.jetty.server.ServerConnector.open(ServerConnector.java:279) ~[jetty-server-9.2.1.v20140609.jar:9.2.1.v20140609]
	at org.eclipse.jetty.server.AbstractNetworkConnector.doStart(AbstractNetworkConnector.java:80) ~[jetty-server-9.2.1.v20140609.jar:9.2.1.v20140609]
	at org.eclipse.jetty.server.ServerConnector.doStart(ServerConnector.java:218) ~[jetty-server-9.2.1.v20140609.jar:9.2.1.v20140609]
	at org.eclipse.jetty.util.component.AbstractLifeCycle.start(AbstractLifeCycle.java:68) [jetty-util-9.2.1.v20140609.jar:9.2.1.v20140609]
	at org.eclipse.jetty.server.Server.doStart(Server.java:336) [jetty-server-9.2.1.v20140609.jar:9.2.1.v20140609]
	at org.eclipse.jetty.util.component.AbstractLifeCycle.start(AbstractLifeCycle.java:68) [jetty-util-9.2.1.v20140609.jar:9.2.1.v20140609]
	at org.neo4j.server.web.Jetty9WebServer.startJetty(Jetty9WebServer.java:376) [neo4j-server-2.2.0-M02.jar:2.2.0-M02]
	at org.neo4j.server.web.Jetty9WebServer.start(Jetty9WebServer.java:179) [neo4j-server-2.2.0-M02.jar:2.2.0-M02]
	at org.neo4j.server.AbstractNeoServer.startWebServer(AbstractNeoServer.java:463) [neo4j-server-2.2.0-M02.jar:2.2.0-M02]
	at org.neo4j.server.AbstractNeoServer.start(AbstractNeoServer.java:228) [neo4j-server-2.2.0-M02.jar:2.2.0-M02]
	at org.neo4j.server.Bootstrapper.start(Bootstrapper.java:114) [neo4j-server-2.2.0-M02.jar:2.2.0-M02]
	at org.neo4j.server.Bootstrapper.main(Bootstrapper.java:66) [neo4j-server-2.2.0-M02.jar:2.2.0-M02]
16:38:55.957 [main] WARN  o.e.j.u.component.AbstractLifeCycle - FAILED org.eclipse.jetty.server.Server@2cae9b8: MultiException[java.net.BindException: Address already in use, java.net.BindException: Address already in use]
org.eclipse.jetty.util.MultiException: Multiple exceptions
	at org.eclipse.jetty.server.Server.doStart(Server.java:302) ~[jetty-server-9.2.1.v20140609.jar:9.2.1.v20140609]
	at org.eclipse.jetty.util.component.AbstractLifeCycle.start(AbstractLifeCycle.java:68) ~[jetty-util-9.2.1.v20140609.jar:9.2.1.v20140609]
	at org.neo4j.server.web.Jetty9WebServer.startJetty(Jetty9WebServer.java:376) [neo4j-server-2.2.0-M02.jar:2.2.0-M02]
	at org.neo4j.server.web.Jetty9WebServer.start(Jetty9WebServer.java:179) [neo4j-server-2.2.0-M02.jar:2.2.0-M02]
	at org.neo4j.server.AbstractNeoServer.startWebServer(AbstractNeoServer.java:463) [neo4j-server-2.2.0-M02.jar:2.2.0-M02]
	at org.neo4j.server.AbstractNeoServer.start(AbstractNeoServer.java:228) [neo4j-server-2.2.0-M02.jar:2.2.0-M02]
	at org.neo4j.server.Bootstrapper.start(Bootstrapper.java:114) [neo4j-server-2.2.0-M02.jar:2.2.0-M02]
	at org.neo4j.server.Bootstrapper.main(Bootstrapper.java:66) [neo4j-server-2.2.0-M02.jar:2.2.0-M02]
2016-12-03 18:38:55.957+0000 INFO  [API] Failed to start Neo Server on port [7474], reason [MultiException[java.net.BindException: Address already in use, java.net.BindException: Address already in use]]
2016-12-03 18:46:53.736+0000 INFO  [API] Setting startup timeout to: 120000ms based on 120000
2016-12-03 18:46:55.831+0000 INFO  [API] Successfully started database
2016-12-03 18:46:56.016+0000 INFO  [API] Starting HTTP on port :7000 with 1 threads available
16:46:56.388 [main] INFO  org.eclipse.jetty.util.log - Logging initialized @3761ms
2016-12-03 18:46:56.476+0000 INFO  [API] Mounting static content at [/webadmin] from [webadmin-html]
2016-12-03 18:46:56.558+0000 INFO  [API] Mounting static content at [/browser] from [browser]
16:46:56.566 [main] INFO  org.eclipse.jetty.server.Server - jetty-9.2.1.v20140609
16:46:56.624 [main] INFO  o.e.j.server.handler.ContextHandler - Started o.e.j.s.h.MovedContextHandler@21fdfefc{/,null,AVAILABLE}
16:46:56.748 [main] INFO  o.e.j.w.StandardDescriptorProcessor - NO JSP Support for /webadmin, did not find org.apache.jasper.servlet.JspServlet
16:46:56.774 [main] INFO  o.e.j.server.handler.ContextHandler - Started o.e.j.w.WebAppContext@3bead518{/webadmin,jar:file:/home/mateus/Documents/escambodelivros/db/neo4j/development/system/lib/neo4j-server-2.2.0-M02-static-web.jar!/webadmin-html,AVAILABLE}
16:46:57.762 [main] INFO  o.e.j.server.handler.ContextHandler - Started o.e.j.s.ServletContextHandler@4f5f6e45{/db/manage,null,AVAILABLE}
16:46:58.207 [main] INFO  o.e.j.server.handler.ContextHandler - Started o.e.j.s.ServletContextHandler@68d651f2{/db/data,null,AVAILABLE}
16:46:58.233 [main] INFO  o.e.j.w.StandardDescriptorProcessor - NO JSP Support for /browser, did not find org.apache.jasper.servlet.JspServlet
16:46:58.241 [main] INFO  o.e.j.server.handler.ContextHandler - Started o.e.j.w.WebAppContext@eca6a74{/browser,jar:file:/home/mateus/Documents/escambodelivros/db/neo4j/development/system/lib/neo4j-browser-2.2.0-M02.jar!/browser,AVAILABLE}
16:46:58.432 [main] INFO  o.e.j.server.handler.ContextHandler - Started o.e.j.s.ServletContextHandler@7ff35a3f{/,null,AVAILABLE}
16:46:58.563 [main] INFO  o.e.jetty.server.ServerConnector - Started ServerConnector@352c44a8{HTTP/1.1}{localhost:7000}
16:46:58.565 [main] INFO  org.eclipse.jetty.server.Server - Started @5945ms
2016-12-03 18:46:58.565+0000 INFO  [API] Server started on: http://localhost:7000/
2016-12-03 18:46:58.566+0000 INFO  [API] Remote interface ready and available at [http://localhost:7000/]
2016-12-03 18:47:53.449+0000 INFO  [API] Neo4j Server shutdown initiated by request
16:47:53.515 [Thread-11] INFO  o.e.jetty.server.ServerConnector - Stopped ServerConnector@352c44a8{HTTP/1.1}{localhost:7000}
16:47:53.552 [Thread-11] INFO  o.e.j.server.handler.ContextHandler - Stopped o.e.j.s.ServletContextHandler@7ff35a3f{/,null,UNAVAILABLE}
16:47:53.562 [Thread-11] INFO  o.e.j.server.handler.ContextHandler - Stopped o.e.j.w.WebAppContext@eca6a74{/browser,jar:file:/home/mateus/Documents/escambodelivros/db/neo4j/development/system/lib/neo4j-browser-2.2.0-M02.jar!/browser,UNAVAILABLE}
16:47:53.564 [Thread-11] INFO  o.e.j.server.handler.ContextHandler - Stopped o.e.j.s.ServletContextHandler@68d651f2{/db/data,null,UNAVAILABLE}
16:47:53.566 [Thread-11] INFO  o.e.j.server.handler.ContextHandler - Stopped o.e.j.s.ServletContextHandler@4f5f6e45{/db/manage,null,UNAVAILABLE}
16:47:53.568 [Thread-11] INFO  o.e.j.server.handler.ContextHandler - Stopped o.e.j.w.WebAppContext@3bead518{/webadmin,jar:file:/home/mateus/Documents/escambodelivros/db/neo4j/development/system/lib/neo4j-server-2.2.0-M02-static-web.jar!/webadmin-html,UNAVAILABLE}
16:47:53.568 [Thread-11] INFO  o.e.j.server.handler.ContextHandler - Stopped o.e.j.s.h.MovedContextHandler@21fdfefc{/,null,UNAVAILABLE}
2016-12-03 18:47:53.579+0000 INFO  [API] Successfully shutdown Neo4j Server.
2016-12-03 18:47:53.694+0000 INFO  [API] Successfully stopped database
2016-12-03 18:47:53.695+0000 INFO  [API] Successfully shutdown database.
2016-12-03 18:48:01.208+0000 INFO  [API] Setting startup timeout to: 120000ms based on 120000
2016-12-03 18:48:02.775+0000 INFO  [API] Successfully started database
2016-12-03 18:48:02.858+0000 INFO  [API] Starting HTTP on port :7000 with 1 threads available
16:48:03.200 [main] INFO  org.eclipse.jetty.util.log - Logging initialized @3135ms
2016-12-03 18:48:03.285+0000 INFO  [API] Mounting static content at [/webadmin] from [webadmin-html]
2016-12-03 18:48:03.354+0000 INFO  [API] Mounting static content at [/browser] from [browser]
16:48:03.362 [main] INFO  org.eclipse.jetty.server.Server - jetty-9.2.1.v20140609
16:48:03.424 [main] INFO  o.e.j.server.handler.ContextHandler - Started o.e.j.s.h.MovedContextHandler@333cb916{/,null,AVAILABLE}
16:48:03.545 [main] INFO  o.e.j.w.StandardDescriptorProcessor - NO JSP Support for /webadmin, did not find org.apache.jasper.servlet.JspServlet
16:48:03.573 [main] INFO  o.e.j.server.handler.ContextHandler - Started o.e.j.w.WebAppContext@616b241a{/webadmin,jar:file:/home/mateus/Documents/escambodelivros/db/neo4j/development/system/lib/neo4j-server-2.2.0-M02-static-web.jar!/webadmin-html,AVAILABLE}
16:48:04.359 [main] INFO  o.e.j.server.handler.ContextHandler - Started o.e.j.s.ServletContextHandler@242a209e{/db/manage,null,AVAILABLE}
16:48:04.673 [main] INFO  o.e.j.server.handler.ContextHandler - Started o.e.j.s.ServletContextHandler@339a3670{/db/data,null,AVAILABLE}
16:48:04.693 [main] INFO  o.e.j.w.StandardDescriptorProcessor - NO JSP Support for /browser, did not find org.apache.jasper.servlet.JspServlet
16:48:04.703 [main] INFO  o.e.j.server.handler.ContextHandler - Started o.e.j.w.WebAppContext@4edef76c{/browser,jar:file:/home/mateus/Documents/escambodelivros/db/neo4j/development/system/lib/neo4j-browser-2.2.0-M02.jar!/browser,AVAILABLE}
16:48:04.987 [main] INFO  o.e.j.server.handler.ContextHandler - Started o.e.j.s.ServletContextHandler@22a736d7{/,null,AVAILABLE}
16:48:05.009 [main] INFO  o.e.jetty.server.ServerConnector - Started ServerConnector@3562d6b9{HTTP/1.1}{localhost:7000}
16:48:05.009 [main] INFO  org.eclipse.jetty.server.Server - Started @4953ms
2016-12-03 18:48:05.009+0000 INFO  [API] Server started on: http://localhost:7000/
2016-12-03 18:48:05.010+0000 INFO  [API] Remote interface ready and available at [http://localhost:7000/]
2016-12-03 18:48:21.131+0000 INFO  [API] Neo4j Server shutdown initiated by request
16:48:21.174 [Thread-11] INFO  o.e.jetty.server.ServerConnector - Stopped ServerConnector@3562d6b9{HTTP/1.1}{localhost:7000}
16:48:21.176 [Thread-11] INFO  o.e.j.server.handler.ContextHandler - Stopped o.e.j.s.ServletContextHandler@22a736d7{/,null,UNAVAILABLE}
16:48:21.180 [Thread-11] INFO  o.e.j.server.handler.ContextHandler - Stopped o.e.j.w.WebAppContext@4edef76c{/browser,jar:file:/home/mateus/Documents/escambodelivros/db/neo4j/development/system/lib/neo4j-browser-2.2.0-M02.jar!/browser,UNAVAILABLE}
16:48:21.180 [Thread-11] INFO  o.e.j.server.handler.ContextHandler - Stopped o.e.j.s.ServletContextHandler@339a3670{/db/data,null,UNAVAILABLE}
16:48:21.180 [Thread-11] INFO  o.e.j.server.handler.ContextHandler - Stopped o.e.j.s.ServletContextHandler@242a209e{/db/manage,null,UNAVAILABLE}
16:48:21.184 [Thread-11] INFO  o.e.j.server.handler.ContextHandler - Stopped o.e.j.w.WebAppContext@616b241a{/webadmin,jar:file:/home/mateus/Documents/escambodelivros/db/neo4j/development/system/lib/neo4j-server-2.2.0-M02-static-web.jar!/webadmin-html,UNAVAILABLE}
16:48:21.184 [Thread-11] INFO  o.e.j.server.handler.ContextHandler - Stopped o.e.j.s.h.MovedContextHandler@333cb916{/,null,UNAVAILABLE}
2016-12-03 18:48:21.300+0000 INFO  [API] Successfully shutdown Neo4j Server.
2016-12-03 18:48:21.615+0000 INFO  [API] Successfully stopped database
2016-12-03 18:48:21.616+0000 INFO  [API] Successfully shutdown database.
